2022-04-17 13:46:10.090 [main] INFO  calculator.Calculator - Factorial of 6
2022-04-17 13:46:10.092 [main] INFO  calculator.Calculator - !6 = 720
2022-04-17 13:46:10.092 [main] INFO  calculator.Calculator - Factorial of 3
2022-04-17 13:46:10.093 [main] INFO  calculator.Calculator - !3 = 6
2022-04-17 13:46:10.096 [main] INFO  calculator.Calculator - 3.0 powers 4.0
2022-04-17 13:46:10.096 [main] INFO  calculator.Calculator - 3.0^4.0 = 81.0
2022-04-17 13:46:10.097 [main] INFO  calculator.Calculator - 2.0 powers 3.0
2022-04-17 13:46:10.097 [main] INFO  calculator.Calculator - 2.0^3.0 = 8.0
2022-04-17 13:46:10.098 [main] INFO  calculator.Calculator - Factorial of 5
2022-04-17 13:46:10.098 [main] INFO  calculator.Calculator - !5 = 120
2022-04-17 13:46:10.098 [main] INFO  calculator.Calculator - Factorial of 1
2022-04-17 13:46:10.098 [main] INFO  calculator.Calculator - !1 = 1
2022-04-17 13:46:10.099 [main] INFO  calculator.Calculator - 2.0 powers 4.0
2022-04-17 13:46:10.099 [main] INFO  calculator.Calculator - 2.0^4.0 = 16.0
2022-04-17 13:46:10.099 [main] INFO  calculator.Calculator - 6.0 powers 1.0
2022-04-17 13:46:10.099 [main] INFO  calculator.Calculator - 6.0^1.0 = 6.0
2022-04-17 13:46:10.100 [main] INFO  calculator.Calculator - Natural logarithm of1.0
2022-04-17 13:46:10.100 [main] INFO  calculator.Calculator - log(1.0) = 0.0
2022-04-17 13:46:10.100 [main] INFO  calculator.Calculator - Natural logarithm of1.0
2022-04-17 13:46:10.100 [main] INFO  calculator.Calculator - log(1.0) = 0.0
2022-04-17 13:46:10.101 [main] INFO  calculator.Calculator - Natural logarithm of10.0
2022-04-17 13:46:10.101 [main] INFO  calculator.Calculator - log(10.0) = 2.302585092994046
2022-04-17 13:46:10.101 [main] INFO  calculator.Calculator - Natural logarithm of2.0
2022-04-17 13:46:10.101 [main] INFO  calculator.Calculator - log(2.0) = 0.6931471805599453
2022-04-17 14:43:12.550 [main] INFO  calculator.Calculator - Factorial of 6
2022-04-17 14:43:12.552 [main] INFO  calculator.Calculator - !6 = 720
2022-04-17 14:43:12.552 [main] INFO  calculator.Calculator - Factorial of 3
2022-04-17 14:43:12.552 [main] INFO  calculator.Calculator - !3 = 6
2022-04-17 14:43:12.555 [main] INFO  calculator.Calculator - 3.0 powers 4.0
2022-04-17 14:43:12.556 [main] INFO  calculator.Calculator - 3.0^4.0 = 81.0
2022-04-17 14:43:12.556 [main] INFO  calculator.Calculator - 2.0 powers 3.0
2022-04-17 14:43:12.556 [main] INFO  calculator.Calculator - 2.0^3.0 = 8.0
2022-04-17 14:43:12.556 [main] INFO  calculator.Calculator - Factorial of 5
2022-04-17 14:43:12.557 [main] INFO  calculator.Calculator - !5 = 120
2022-04-17 14:43:12.557 [main] INFO  calculator.Calculator - Factorial of 1
2022-04-17 14:43:12.557 [main] INFO  calculator.Calculator - !1 = 1
2022-04-17 14:43:12.557 [main] INFO  calculator.Calculator - 2.0 powers 4.0
2022-04-17 14:43:12.558 [main] INFO  calculator.Calculator - 2.0^4.0 = 16.0
2022-04-17 14:43:12.558 [main] INFO  calculator.Calculator - 6.0 powers 1.0
2022-04-17 14:43:12.558 [main] INFO  calculator.Calculator - 6.0^1.0 = 6.0
2022-04-17 14:43:12.559 [main] INFO  calculator.Calculator - Natural logarithm of1.0
2022-04-17 14:43:12.559 [main] INFO  calculator.Calculator - log(1.0) = 0.0
2022-04-17 14:43:12.559 [main] INFO  calculator.Calculator - Natural logarithm of1.0
2022-04-17 14:43:12.559 [main] INFO  calculator.Calculator - log(1.0) = 0.0
2022-04-17 14:43:12.560 [main] INFO  calculator.Calculator - Natural logarithm of10.0
2022-04-17 14:43:12.560 [main] INFO  calculator.Calculator - log(10.0) = 2.302585092994046
2022-04-17 14:43:12.560 [main] INFO  calculator.Calculator - Natural logarithm of2.0
2022-04-17 14:43:12.561 [main] INFO  calculator.Calculator - log(2.0) = 0.6931471805599453
2022-04-17 17:46:12.393 [main] INFO  calculator.Calculator - Factorial of 6
2022-04-17 17:46:12.395 [main] INFO  calculator.Calculator - !6 = 720
2022-04-17 17:46:12.395 [main] INFO  calculator.Calculator - Factorial of 3
2022-04-17 17:46:12.395 [main] INFO  calculator.Calculator - !3 = 6
2022-04-17 17:46:12.399 [main] INFO  calculator.Calculator - 3.0 powers 4.0
2022-04-17 17:46:12.399 [main] INFO  calculator.Calculator - 3.0^4.0 = 81.0
2022-04-17 17:46:12.399 [main] INFO  calculator.Calculator - 2.0 powers 3.0
2022-04-17 17:46:12.399 [main] INFO  calculator.Calculator - 2.0^3.0 = 8.0
2022-04-17 17:46:12.400 [main] INFO  calculator.Calculator - Factorial of 5
2022-04-17 17:46:12.400 [main] INFO  calculator.Calculator - !5 = 120
2022-04-17 17:46:12.400 [main] INFO  calculator.Calculator - Factorial of 1
2022-04-17 17:46:12.401 [main] INFO  calculator.Calculator - !1 = 1
2022-04-17 17:46:12.401 [main] INFO  calculator.Calculator - 2.0 powers 4.0
2022-04-17 17:46:12.401 [main] INFO  calculator.Calculator - 2.0^4.0 = 16.0
2022-04-17 17:46:12.402 [main] INFO  calculator.Calculator - 6.0 powers 1.0
2022-04-17 17:46:12.402 [main] INFO  calculator.Calculator - 6.0^1.0 = 6.0
2022-04-17 17:46:12.402 [main] INFO  calculator.Calculator - Natural logarithm of1.0
2022-04-17 17:46:12.403 [main] INFO  calculator.Calculator - log(1.0) = 0.0
2022-04-17 17:46:12.403 [main] INFO  calculator.Calculator - Natural logarithm of1.0
2022-04-17 17:46:12.403 [main] INFO  calculator.Calculator - log(1.0) = 0.0
2022-04-17 17:46:12.404 [main] INFO  calculator.Calculator - Natural logarithm of10.0
2022-04-17 17:46:12.404 [main] INFO  calculator.Calculator - log(10.0) = 2.302585092994046
2022-04-17 17:46:12.404 [main] INFO  calculator.Calculator - Natural logarithm of2.0
2022-04-17 17:46:12.404 [main] INFO  calculator.Calculator - log(2.0) = 0.6931471805599453
2022-04-17 18:53:03.227 [main] INFO  calculator.Calculator - Square root of 49.0 = 7.0
2022-04-17 18:53:06.400 [main] INFO  calculator.Calculator - Factorial of 5 = 120
2022-04-17 18:53:09.730 [main] INFO  calculator.Calculator - Natural logarithm of 5.0 = 1.6094379124341003
2022-04-17 18:53:15.162 [main] INFO  calculator.Calculator - 2.0 powers 5.0 = 32.0
2022-04-17 18:54:57.943 [main] INFO  calculator.Calculator - Square root of 25.0 = 5.0
2022-04-17 18:55:02.588 [main] INFO  calculator.Calculator - Factorial of 10 = 3628800
2022-04-17 18:55:05.823 [main] INFO  calculator.Calculator - Natural logarithm of 1.0 = 0.0
2022-04-17 18:55:10.919 [main] INFO  calculator.Calculator - 1.0 powers 0.0 = 1.0
2022-04-17 18:55:36.844 [main] INFO  calculator.Calculator - Factorial of 6 = 720
2022-04-17 18:55:36.846 [main] INFO  calculator.Calculator - Factorial of 3 = 6
2022-04-17 18:55:36.848 [main] INFO  calculator.Calculator - Square root of 7.0 = 2.6457513110645907
2022-04-17 18:55:36.849 [main] INFO  calculator.Calculator - Square root of 4.0 = 2.0
2022-04-17 18:55:36.849 [main] INFO  calculator.Calculator - Square root of 64.0 = 8.0
2022-04-17 18:55:36.850 [main] INFO  calculator.Calculator - Square root of 81.0 = 9.0
2022-04-17 18:55:36.850 [main] INFO  calculator.Calculator - 3.0 powers 4.0 = 81.0
2022-04-17 18:55:36.850 [main] INFO  calculator.Calculator - 2.0 powers 3.0 = 8.0
2022-04-17 18:55:36.851 [main] INFO  calculator.Calculator - Factorial of 5 = 120
2022-04-17 18:55:36.851 [main] INFO  calculator.Calculator - Factorial of 1 = 1
2022-04-17 18:55:36.852 [main] INFO  calculator.Calculator - 2.0 powers 4.0 = 16.0
2022-04-17 18:55:36.852 [main] INFO  calculator.Calculator - 6.0 powers 1.0 = 6.0
2022-04-17 18:55:36.853 [main] INFO  calculator.Calculator - Natural logarithm of 1.0 = 0.0
2022-04-17 18:55:36.853 [main] INFO  calculator.Calculator - Natural logarithm of 1.0 = 0.0
2022-04-17 18:55:36.854 [main] INFO  calculator.Calculator - Natural logarithm of 10.0 = 2.302585092994046
2022-04-17 18:56:48.059 [main] INFO  calculator.Calculator - Factorial of 6 = 720
2022-04-17 18:56:48.061 [main] INFO  calculator.Calculator - Factorial of 3 = 6
2022-04-17 18:56:48.063 [main] INFO  calculator.Calculator - Square root of 7.0 = 2.6457513110645907
2022-04-17 18:56:48.063 [main] INFO  calculator.Calculator - Square root of 4.0 = 2.0
2022-04-17 18:56:48.064 [main] INFO  calculator.Calculator - Square root of 64.0 = 8.0
2022-04-17 18:56:48.064 [main] INFO  calculator.Calculator - Square root of 81.0 = 9.0
2022-04-17 18:56:48.065 [main] INFO  calculator.Calculator - 3.0 powers 4.0 = 81.0
2022-04-17 18:56:48.065 [main] INFO  calculator.Calculator - 2.0 powers 3.0 = 8.0
2022-04-17 18:56:48.066 [main] INFO  calculator.Calculator - Factorial of 5 = 120
2022-04-17 18:56:48.066 [main] INFO  calculator.Calculator - Factorial of 1 = 1
2022-04-17 18:56:48.067 [main] INFO  calculator.Calculator - 2.0 powers 4.0 = 16.0
2022-04-17 18:56:48.067 [main] INFO  calculator.Calculator - 6.0 powers 1.0 = 6.0
2022-04-17 18:56:48.067 [main] INFO  calculator.Calculator - Natural logarithm of 1.0 = 0.0
2022-04-17 18:56:48.068 [main] INFO  calculator.Calculator - Natural logarithm of 1.0 = 0.0
2022-04-17 18:56:48.068 [main] INFO  calculator.Calculator - Natural logarithm of 10.0 = 2.302585092994046
2022-04-17 18:57:03.336 [main] INFO  calculator.Calculator - Factorial of 6 = 720
2022-04-17 18:57:03.338 [main] INFO  calculator.Calculator - Factorial of 3 = 6
2022-04-17 18:57:03.341 [main] INFO  calculator.Calculator - Square root of 7.0 = 2.6457513110645907
2022-04-17 18:57:03.341 [main] INFO  calculator.Calculator - Square root of 4.0 = 2.0
2022-04-17 18:57:03.342 [main] INFO  calculator.Calculator - Square root of 64.0 = 8.0
2022-04-17 18:57:03.342 [main] INFO  calculator.Calculator - Square root of 81.0 = 9.0
2022-04-17 18:57:03.343 [main] INFO  calculator.Calculator - 3.0 powers 4.0 = 81.0
2022-04-17 18:57:03.343 [main] INFO  calculator.Calculator - 2.0 powers 3.0 = 8.0
2022-04-17 18:57:03.344 [main] INFO  calculator.Calculator - Factorial of 5 = 120
2022-04-17 18:57:03.344 [main] INFO  calculator.Calculator - Factorial of 1 = 1
2022-04-17 18:57:03.345 [main] INFO  calculator.Calculator - 2.0 powers 4.0 = 16.0
2022-04-17 18:57:03.345 [main] INFO  calculator.Calculator - 6.0 powers 1.0 = 6.0
2022-04-17 18:57:03.346 [main] INFO  calculator.Calculator - Natural logarithm of 1.0 = 0.0
2022-04-17 18:57:03.346 [main] INFO  calculator.Calculator - Natural logarithm of 1.0 = 0.0
2022-04-17 18:57:03.347 [main] INFO  calculator.Calculator - Natural logarithm of 10.0 = 2.302585092994046
2022-04-17 18:57:21.989 [main] INFO  calculator.Calculator - Factorial of 6 = 720
2022-04-17 18:57:21.991 [main] INFO  calculator.Calculator - Factorial of 3 = 6
2022-04-17 18:57:21.993 [main] INFO  calculator.Calculator - Square root of 7.0 = 2.6457513110645907
2022-04-17 18:57:21.993 [main] INFO  calculator.Calculator - Square root of 4.0 = 2.0
2022-04-17 18:57:21.994 [main] INFO  calculator.Calculator - Square root of 64.0 = 8.0
2022-04-17 18:57:21.994 [main] INFO  calculator.Calculator - Square root of 81.0 = 9.0
2022-04-17 18:57:21.994 [main] INFO  calculator.Calculator - 3.0 powers 4.0 = 81.0
2022-04-17 18:57:21.994 [main] INFO  calculator.Calculator - 2.0 powers 3.0 = 8.0
2022-04-17 18:57:21.995 [main] INFO  calculator.Calculator - Factorial of 5 = 120
2022-04-17 18:57:21.995 [main] INFO  calculator.Calculator - Factorial of 1 = 1
2022-04-17 18:57:21.995 [main] INFO  calculator.Calculator - 2.0 powers 4.0 = 16.0
2022-04-17 18:57:21.995 [main] INFO  calculator.Calculator - 6.0 powers 1.0 = 6.0
2022-04-17 18:57:21.996 [main] INFO  calculator.Calculator - Natural logarithm of 1.0 = 0.0
2022-04-17 18:57:21.996 [main] INFO  calculator.Calculator - Natural logarithm of 1.0 = 0.0
2022-04-17 18:57:21.997 [main] INFO  calculator.Calculator - Natural logarithm of 10.0 = 2.302585092994046
2022-04-17 18:57:21.997 [main] INFO  calculator.Calculator - Natural logarithm of 2.0 = 0.6931471805599453
2022-04-17 18:57:36.141 [main] INFO  calculator.Calculator - Factorial of 6 = 720
2022-04-17 18:57:36.143 [main] INFO  calculator.Calculator - Factorial of 3 = 6
2022-04-17 18:57:36.145 [main] INFO  calculator.Calculator - Square root of 7.0 = 2.6457513110645907
2022-04-17 18:57:36.146 [main] INFO  calculator.Calculator - Square root of 4.0 = 2.0
2022-04-17 18:57:36.146 [main] INFO  calculator.Calculator - Square root of 64.0 = 8.0
2022-04-17 18:57:36.146 [main] INFO  calculator.Calculator - Square root of 81.0 = 9.0
2022-04-17 18:57:36.147 [main] INFO  calculator.Calculator - 3.0 powers 4.0 = 81.0
2022-04-17 18:57:36.147 [main] INFO  calculator.Calculator - 2.0 powers 3.0 = 8.0
2022-04-17 18:57:36.148 [main] INFO  calculator.Calculator - Factorial of 5 = 120
2022-04-17 18:57:36.148 [main] INFO  calculator.Calculator - Factorial of 1 = 1
2022-04-17 18:57:36.148 [main] INFO  calculator.Calculator - 2.0 powers 4.0 = 16.0
2022-04-17 18:57:36.148 [main] INFO  calculator.Calculator - 6.0 powers 1.0 = 6.0
2022-04-17 18:57:36.149 [main] INFO  calculator.Calculator - Natural logarithm of 1.0 = 0.0
2022-04-17 18:57:36.149 [main] INFO  calculator.Calculator - Natural logarithm of 1.0 = 0.0
2022-04-17 18:57:36.150 [main] INFO  calculator.Calculator - Natural logarithm of 10.0 = 2.302585092994046
2022-04-17 18:57:36.150 [main] INFO  calculator.Calculator - Natural logarithm of 2.0 = 0.6931471805599453
2022-04-17 18:58:34.306 [main] INFO  calculator.Calculator - Factorial of 6 = 720
2022-04-17 18:58:34.308 [main] INFO  calculator.Calculator - Factorial of 3 = 6
2022-04-17 18:58:34.310 [main] INFO  calculator.Calculator - Square root of 7.0 = 2.6457513110645907
2022-04-17 18:58:34.311 [main] INFO  calculator.Calculator - Square root of 4.0 = 2.0
2022-04-17 18:58:34.311 [main] INFO  calculator.Calculator - Square root of 64.0 = 8.0
2022-04-17 18:58:34.312 [main] INFO  calculator.Calculator - Square root of 81.0 = 9.0
2022-04-17 18:58:34.312 [main] INFO  calculator.Calculator - 3.0 powers 4.0 = 81.0
2022-04-17 18:58:34.312 [main] INFO  calculator.Calculator - 2.0 powers 3.0 = 8.0
2022-04-17 18:58:34.313 [main] INFO  calculator.Calculator - Factorial of 5 = 120
2022-04-17 18:58:34.313 [main] INFO  calculator.Calculator - Factorial of 1 = 1
2022-04-17 18:58:34.313 [main] INFO  calculator.Calculator - 2.0 powers 4.0 = 16.0
2022-04-17 18:58:34.314 [main] INFO  calculator.Calculator - 6.0 powers 1.0 = 6.0
2022-04-17 18:58:34.314 [main] INFO  calculator.Calculator - Natural logarithm of 1.0 = 0.0
2022-04-17 18:58:34.314 [main] INFO  calculator.Calculator - Natural logarithm of 1.0 = 0.0
2022-04-17 18:58:34.315 [main] INFO  calculator.Calculator - Natural logarithm of 10.0 = 2.302585092994046
2022-04-17 18:58:34.315 [main] INFO  calculator.Calculator - Natural logarithm of 2.0 = 0.6931471805599453
