16/Apr/2022:17:07:50 675 [Calculator.java] [INFO] calculator.Calculator Factorial of 6
16/Apr/2022:17:07:50 680 [Calculator.java] [INFO] calculator.Calculator !6 = 720
16/Apr/2022:17:07:50 681 [Calculator.java] [INFO] calculator.Calculator Factorial of 3
16/Apr/2022:17:07:50 681 [Calculator.java] [INFO] calculator.Calculator !3 = 6
16/Apr/2022:17:07:50 685 [Calculator.java] [INFO] calculator.Calculator 3.0 powers 4.0
16/Apr/2022:17:07:50 685 [Calculator.java] [INFO] calculator.Calculator 3.0^4.0 = 81.0
16/Apr/2022:17:07:50 685 [Calculator.java] [INFO] calculator.Calculator 2.0 powers 3.0
16/Apr/2022:17:07:50 686 [Calculator.java] [INFO] calculator.Calculator 2.0^3.0 = 8.0
16/Apr/2022:17:07:50 686 [Calculator.java] [INFO] calculator.Calculator Factorial of 5
16/Apr/2022:17:07:50 687 [Calculator.java] [INFO] calculator.Calculator !5 = 120
16/Apr/2022:17:07:50 687 [Calculator.java] [INFO] calculator.Calculator Factorial of 1
16/Apr/2022:17:07:50 688 [Calculator.java] [INFO] calculator.Calculator !1 = 1
16/Apr/2022:17:07:50 689 [Calculator.java] [INFO] calculator.Calculator 2.0 powers 4.0
16/Apr/2022:17:07:50 689 [Calculator.java] [INFO] calculator.Calculator 2.0^4.0 = 16.0
16/Apr/2022:17:07:50 690 [Calculator.java] [INFO] calculator.Calculator 6.0 powers 1.0
16/Apr/2022:17:07:50 690 [Calculator.java] [INFO] calculator.Calculator 6.0^1.0 = 6.0
16/Apr/2022:17:07:50 691 [Calculator.java] [INFO] calculator.Calculator Natural logarithm of1.0
16/Apr/2022:17:07:50 691 [Calculator.java] [INFO] calculator.Calculator log(1.0) = 0.0
16/Apr/2022:17:07:50 691 [Calculator.java] [INFO] calculator.Calculator Natural logarithm of1.0
16/Apr/2022:17:07:50 692 [Calculator.java] [INFO] calculator.Calculator log(1.0) = 0.0
16/Apr/2022:17:07:50 692 [Calculator.java] [INFO] calculator.Calculator Natural logarithm of10.0
16/Apr/2022:17:07:50 693 [Calculator.java] [INFO] calculator.Calculator log(10.0) = 2.302585092994046
16/Apr/2022:17:07:50 693 [Calculator.java] [INFO] calculator.Calculator Natural logarithm of2.0
16/Apr/2022:17:07:50 693 [Calculator.java] [INFO] calculator.Calculator log(2.0) = 0.6931471805599453
16/Apr/2022:17:08:15 461 [Calculator.java] [INFO] calculator.Calculator Factorial of 6
16/Apr/2022:17:08:15 465 [Calculator.java] [INFO] calculator.Calculator !6 = 720
16/Apr/2022:17:08:15 466 [Calculator.java] [INFO] calculator.Calculator Factorial of 3
16/Apr/2022:17:08:15 467 [Calculator.java] [INFO] calculator.Calculator !3 = 6
16/Apr/2022:17:08:15 471 [Calculator.java] [INFO] calculator.Calculator 3.0 powers 4.0
16/Apr/2022:17:08:15 471 [Calculator.java] [INFO] calculator.Calculator 3.0^4.0 = 81.0
16/Apr/2022:17:08:15 472 [Calculator.java] [INFO] calculator.Calculator 2.0 powers 3.0
16/Apr/2022:17:08:15 472 [Calculator.java] [INFO] calculator.Calculator 2.0^3.0 = 8.0
16/Apr/2022:17:08:15 473 [Calculator.java] [INFO] calculator.Calculator Factorial of 5
16/Apr/2022:17:08:15 473 [Calculator.java] [INFO] calculator.Calculator !5 = 120
16/Apr/2022:17:08:15 474 [Calculator.java] [INFO] calculator.Calculator Factorial of 1
16/Apr/2022:17:08:15 474 [Calculator.java] [INFO] calculator.Calculator !1 = 1
16/Apr/2022:17:08:15 474 [Calculator.java] [INFO] calculator.Calculator 2.0 powers 4.0
16/Apr/2022:17:08:15 475 [Calculator.java] [INFO] calculator.Calculator 2.0^4.0 = 16.0
16/Apr/2022:17:08:15 475 [Calculator.java] [INFO] calculator.Calculator 6.0 powers 1.0
16/Apr/2022:17:08:15 475 [Calculator.java] [INFO] calculator.Calculator 6.0^1.0 = 6.0
16/Apr/2022:17:08:15 476 [Calculator.java] [INFO] calculator.Calculator Natural logarithm of1.0
16/Apr/2022:17:08:15 476 [Calculator.java] [INFO] calculator.Calculator log(1.0) = 0.0
16/Apr/2022:17:08:15 477 [Calculator.java] [INFO] calculator.Calculator Natural logarithm of1.0
16/Apr/2022:17:08:15 477 [Calculator.java] [INFO] calculator.Calculator log(1.0) = 0.0
16/Apr/2022:17:08:15 478 [Calculator.java] [INFO] calculator.Calculator Natural logarithm of10.0
16/Apr/2022:17:08:15 478 [Calculator.java] [INFO] calculator.Calculator log(10.0) = 2.302585092994046
16/Apr/2022:17:08:15 478 [Calculator.java] [INFO] calculator.Calculator Natural logarithm of2.0
16/Apr/2022:17:08:15 479 [Calculator.java] [INFO] calculator.Calculator log(2.0) = 0.6931471805599453
